<?xml version="1.0" encoding="UTF-8"?>
<testng-results ignored="0" total="1" passed="1" failed="0" skipped="0">
  <reporter-output>
  </reporter-output>
  <suite started-at="2023-12-13T12:48:42 IST" name="Suite" finished-at="2023-12-13T12:48:53 IST" duration-ms="10949">
    <groups>
    </groups>
    <test started-at="2023-12-13T12:48:42 IST" name="Test" finished-at="2023-12-13T12:48:53 IST" duration-ms="10949">
      <class name="testCases.TC_001_AccountRegistrationTest">
        <test-method is-config="true" signature="setup(java.lang.String)[pri:0, instance:testCases.TC_001_AccountRegistrationTest@a514af7]" started-at="2023-12-13T12:48:42 IST" name="setup" finished-at="2023-12-13T12:48:49 IST" duration-ms="6150" status="PASS">
          <params>
            <param index="0">
              <value>
                <![CDATA[edge]]>
              </value>
            </param>
          </params>
          <reporter-output>
          </reporter-output>
        </test-method> <!-- setup -->
        <test-method signature="test_account_Registration()[pri:0, instance:testCases.TC_001_AccountRegistrationTest@a514af7]" started-at="2023-12-13T12:48:49 IST" name="test_account_Registration" finished-at="2023-12-13T12:48:53 IST" duration-ms="4417" status="PASS">
          <reporter-output>
          </reporter-output>
        </test-method> <!-- test_account_Registration -->
        <test-method is-config="true" signature="tearDown()[pri:0, instance:testCases.TC_001_AccountRegistrationTest@a514af7]" started-at="2023-12-13T12:48:53 IST" name="tearDown" finished-at="2023-12-13T12:48:53 IST" duration-ms="297" status="PASS">
          <reporter-output>
          </reporter-output>
        </test-method> <!-- tearDown -->
      </class> <!-- testCases.TC_001_AccountRegistrationTest -->
    </test> <!-- Test -->
  </suite> <!-- Suite -->
</testng-results>
