<?xml version="1.0" encoding="UTF-8"?>
<testng-results ignored="0" total="2" passed="2" failed="0" skipped="0">
  <reporter-output>
  </reporter-output>
  <suite started-at="2023-12-12T14:14:10 IST" name="Suite" finished-at="2023-12-12T14:14:27 IST" duration-ms="16358">
    <groups>
    </groups>
    <test started-at="2023-12-12T14:14:10 IST" name="EdgeTest" finished-at="2023-12-12T14:14:26 IST" duration-ms="15847">
      <class name="testCases.TC_001_AccountRegistrationTest">
        <test-method is-config="true" signature="setup(java.lang.String)[pri:0, instance:testCases.TC_001_AccountRegistrationTest@4b2bac3f]" started-at="2023-12-12T14:14:10 IST" name="setup" finished-at="2023-12-12T14:14:19 IST" duration-ms="8921" status="PASS">
          <params>
            <param index="0">
              <value>
                <![CDATA[edge]]>
              </value>
            </param>
          </params>
          <reporter-output>
          </reporter-output>
        </test-method> <!-- setup -->
        <test-method signature="test_account_Registration()[pri:0, instance:testCases.TC_001_AccountRegistrationTest@4b2bac3f]" started-at="2023-12-12T14:14:19 IST" name="test_account_Registration" finished-at="2023-12-12T14:14:26 IST" duration-ms="6497" status="PASS">
          <reporter-output>
          </reporter-output>
        </test-method> <!-- test_account_Registration -->
        <test-method is-config="true" signature="tearDown()[pri:0, instance:testCases.TC_001_AccountRegistrationTest@4b2bac3f]" started-at="2023-12-12T14:14:26 IST" name="tearDown" finished-at="2023-12-12T14:14:26 IST" duration-ms="370" status="PASS">
          <reporter-output>
          </reporter-output>
        </test-method> <!-- tearDown -->
      </class> <!-- testCases.TC_001_AccountRegistrationTest -->
    </test> <!-- EdgeTest -->
    <test started-at="2023-12-12T14:14:10 IST" name="ChromeTest" finished-at="2023-12-12T14:14:27 IST" duration-ms="16358">
      <class name="testCases.TC_001_AccountRegistrationTest">
        <test-method is-config="true" signature="setup(java.lang.String)[pri:0, instance:testCases.TC_001_AccountRegistrationTest@34e9fd99]" started-at="2023-12-12T14:14:10 IST" name="setup" finished-at="2023-12-12T14:14:19 IST" duration-ms="8560" status="PASS">
          <params>
            <param index="0">
              <value>
                <![CDATA[chrome]]>
              </value>
            </param>
          </params>
          <reporter-output>
          </reporter-output>
        </test-method> <!-- setup -->
        <test-method signature="test_account_Registration()[pri:0, instance:testCases.TC_001_AccountRegistrationTest@34e9fd99]" started-at="2023-12-12T14:14:19 IST" name="test_account_Registration" finished-at="2023-12-12T14:14:26 IST" duration-ms="7403" status="PASS">
          <reporter-output>
          </reporter-output>
        </test-method> <!-- test_account_Registration -->
        <test-method is-config="true" signature="tearDown()[pri:0, instance:testCases.TC_001_AccountRegistrationTest@34e9fd99]" started-at="2023-12-12T14:14:26 IST" name="tearDown" finished-at="2023-12-12T14:14:27 IST" duration-ms="318" status="PASS">
          <reporter-output>
          </reporter-output>
        </test-method> <!-- tearDown -->
      </class> <!-- testCases.TC_001_AccountRegistrationTest -->
    </test> <!-- ChromeTest -->
  </suite> <!-- Suite -->
</testng-results>
